Using pre-set license

 COMMAND LINE ARGUMENTS:
/Applications/Unity/Hub/Editor/2020.3.1f1/Unity.app/Contents/MacOS/Unity
-adb2
-batchMode
-noUpm
-name
AssetImportWorker0
-projectPath
/Users/grigorijkosov/Essen jagen
-logFile
Logs/AssetImportWorker0.log
-srvPort
54229
Successfully changed project path to: /Users/grigorijkosov/Essen jagen
/Users/grigorijkosov/Essen jagen
Using Asset Import Pipeline V2.
Refreshing native plugins compatible for Editor in 38.72 ms, found 2 plugins.
Preloading 0 native plugins for Editor in 0.00 ms.
Initialize engine version: 2020.3.1f1 (77a89f25062f)
[Subsystems] Discovering subsystems at path /Applications/Unity/Hub/Editor/2020.3.1f1/Unity.app/Contents/Resources/UnitySubsystems
[Subsystems] Discovering subsystems at path /Users/grigorijkosov/Essen jagen/Assets
GfxDevice: creating device client; threaded=0
2021-04-13 19:34:26.993 Unity[12447:1199084] Color LCD preferred device: Intel(R) Iris(TM) Plus Graphics 645 (low power)
2021-04-13 19:34:26.993 Unity[12447:1199084] Metal devices available: 1
2021-04-13 19:34:26.994 Unity[12447:1199084] 0: Intel(R) Iris(TM) Plus Graphics 645 (low power)
2021-04-13 19:34:26.994 Unity[12447:1199084] Using device Intel(R) Iris(TM) Plus Graphics 645 (low power)
Initializing Metal device caps: Intel(R) Iris(TM) Plus Graphics 645
Initialize mono
Mono path[0] = '/Applications/Unity/Hub/Editor/2020.3.1f1/Unity.app/Contents/Managed'
Mono path[1] = '/Applications/Unity/Hub/Editor/2020.3.1f1/Unity.app/Contents/MonoBleedingEdge/lib/mono/unityjit'
Mono config path = '/Applications/Unity/Hub/Editor/2020.3.1f1/Unity.app/Contents/MonoBleedingEdge/etc'
Using monoOptions --debugger-agent=transport=dt_socket,embedding=1,server=y,suspend=n,address=127.0.0.1:56447
Begin MonoManager ReloadAssembly
Registering precompiled unity dll's ...
Register platform support module: /Applications/Unity/Hub/Editor/2020.3.1f1/PlaybackEngines/WebGLSupport/UnityEditor.WebGL.Extensions.dll
Register platform support module: /Applications/Unity/Hub/Editor/2020.3.1f1/Unity.app/Contents/PlaybackEngines/MacStandaloneSupport/UnityEditor.OSXStandalone.Extensions.dll
Registered in 0.004125 seconds.
Native extension for OSXStandalone target not found
Native extension for WebGL target not found
Refreshing native plugins compatible for Editor in 36.93 ms, found 2 plugins.
Preloading 0 native plugins for Editor in 0.00 ms.
Invoked RoslynAnalysisRunner static constructor.
RoslynAnalysisRunner will not be running.
RoslynAnalysisRunner has terminated.
Mono: successfully reloaded assembly
- Completed reload, in  1.509 seconds
Platform modules already initialized, skipping
Registering precompiled user dll's ...
Registered in 0.001525 seconds.
Begin MonoManager ReloadAssembly
Native extension for OSXStandalone target not found
Native extension for WebGL target not found
Refreshing native plugins compatible for Editor in 37.02 ms, found 2 plugins.
Preloading 0 native plugins for Editor in 0.00 ms.
Invoked RoslynAnalysisRunner static constructor.
RoslynAnalysisRunner will not be running.
RoslynAnalysisRunner has terminated.
Mono: successfully reloaded assembly
- Completed reload, in  1.147 seconds
Platform modules already initialized, skipping
========================================================================
Worker process is ready to serve import requests
Launching external process: /Applications/Unity/Hub/Editor/2020.3.1f1/Unity.app/Contents/Tools/UnityShaderCompiler
Launched and connected shader compiler UnityShaderCompiler after 0.02 seconds
Refreshing native plugins compatible for Editor in 0.52 ms, found 2 plugins.
Preloading 0 native plugins for Editor in 0.00 ms.
Unloading 1808 Unused Serialized files (Serialized files now loaded: 0)
System memory in use before: 143.1 MB.
System memory in use after: 143.1 MB.

Unloading 24 unused Assets to reduce memory usage. Loaded Objects now: 2250.
Total: 2.804674 ms (FindLiveObjects: 0.304526 ms CreateObjectMapping: 0.075696 ms MarkObjects: 2.266369 ms  DeleteObjects: 0.156056 ms)

========================================================================
Received Import Request.
  path: Assets/Units/1x.png
  artifactKey: Guid(80df3a93b59762646ace840af71bf582) Importer(815301076,1909f56bfc062723c751e8b465ee728b)
Start importing Assets/Units/1x.png using Guid(80df3a93b59762646ace840af71bf582) Importer(815301076,1909f56bfc062723c751e8b465ee728b)  -> (artifact id: '6eed7c4ee5c5a2b0d4c812ec62b15d74') in 1.468330 seconds
  Import took 1.473592 seconds .

========================================================================
Received Import Request.
  Time since last request: 0.028366 seconds.
  path: Assets/Units/1x.png
  artifactKey: Guid(80df3a93b59762646ace840af71bf582) Importer(815301076,1909f56bfc062723c751e8b465ee728b)
Start importing Assets/Units/1x.png using Guid(80df3a93b59762646ace840af71bf582) Importer(815301076,1909f56bfc062723c751e8b465ee728b)  -> (artifact id: '6eed7c4ee5c5a2b0d4c812ec62b15d74') in 0.008465 seconds
  Import took 0.011947 seconds .

========================================================================
Received Import Request.
  Time since last request: 0.850010 seconds.
  path: Assets/Units/Moving.cs
  artifactKey: Guid(82d6571802bfe3c40b392d937c12c609) Importer(815301076,1909f56bfc062723c751e8b465ee728b)
Start importing Assets/Units/Moving.cs using Guid(82d6571802bfe3c40b392d937c12c609) Importer(815301076,1909f56bfc062723c751e8b465ee728b)  -> (artifact id: '5af00c100650979063359dd5e37620ef') in 0.384921 seconds
  Import took 0.390678 seconds .

